2024-07-29 16:15:04,756 - logger_config - DEBUG - BaseDatos initialized
2024-07-29 16:15:04,932 - logger_config - INFO - Conexión exitosa a la base de datos
2024-07-29 16:15:28,485 - logger_config - INFO - Planeta Tierra creado correctamente
2024-07-29 16:15:34,644 - logger_config - INFO - Leídos 2 planetas
2024-07-29 16:16:04,084 - logger_config - INFO - Planeta con id 2 actualizado correctamente
2024-07-29 16:16:08,709 - logger_config - INFO - Leídos 2 planetas
2024-07-29 16:16:18,509 - logger_config - INFO - Planeta con id 1 borrado correctamente
2024-07-29 16:16:26,098 - logger_config - DEBUG - BaseDatos connection closed
2024-07-29 16:16:33,479 - logger_config - DEBUG - BaseDatos initialized
2024-07-29 16:16:33,700 - logger_config - INFO - Conexión exitosa a la base de datos
2024-07-29 16:16:37,834 - logger_config - INFO - Leídos 2 planetas
2024-07-29 16:16:47,114 - logger_config - INFO - Planeta con id 2 borrado correctamente
2024-07-29 16:16:52,484 - logger_config - INFO - Leídos 1 planetas
2024-07-29 16:16:55,893 - logger_config - DEBUG - BaseDatos connection closed
2024-07-29 16:17:03,968 - logger_config - DEBUG - BaseDatos initialized
2024-07-29 16:17:04,212 - logger_config - INFO - Conexión exitosa a la base de datos
2024-07-29 16:17:06,388 - logger_config - INFO - Leídos 1 planetas
2024-07-29 16:17:09,113 - logger_config - DEBUG - BaseDatos connection closed
2024-07-29 16:22:44,421 - logger.logger_config - DEBUG - BaseDatos initialized
2024-07-29 16:22:44,531 - logger.logger_config - INFO - Conexión exitosa a la base de datos
2024-07-29 16:23:20,751 - logger.logger_config - INFO - Planeta Mercurio creado correctamente
2024-07-29 16:23:24,344 - logger.logger_config - INFO - Leídos 2 planetas
2024-07-29 16:23:57,936 - logger.logger_config - INFO - Planeta con id 4 actualizado correctamente
2024-07-29 16:24:02,268 - logger.logger_config - INFO - Leídos 2 planetas
2024-07-29 16:24:12,929 - logger.logger_config - INFO - Planeta con id 4 borrado correctamente
2024-07-29 16:24:15,390 - logger.logger_config - INFO - Leídos 1 planetas
2024-07-29 16:24:18,453 - logger.logger_config - DEBUG - BaseDatos connection closed
2024-07-29 16:24:32,876 - logger.logger_config - DEBUG - BaseDatos initialized
2024-07-29 16:24:32,950 - logger.logger_config - INFO - Conexión exitosa a la base de datos
2024-07-29 16:24:35,038 - logger.logger_config - INFO - Leídos 1 planetas
2024-07-29 16:25:03,787 - logger.logger_config - INFO - Planeta Saturno creado correctamente
2024-07-29 16:25:05,682 - logger.logger_config - INFO - Leídos 2 planetas
2024-07-29 16:25:11,173 - logger.logger_config - DEBUG - BaseDatos connection closed
2024-07-29 16:25:15,223 - logger.logger_config - DEBUG - BaseDatos initialized
2024-07-29 16:25:15,294 - logger.logger_config - INFO - Conexión exitosa a la base de datos
2024-07-29 16:25:16,483 - logger.logger_config - INFO - Leídos 2 planetas
2024-07-29 16:25:20,700 - logger.logger_config - DEBUG - BaseDatos connection closed
2024-07-29 16:41:35,581 - logger.logger_config - DEBUG - BaseDatos initialized
2024-07-29 16:41:39,795 - logger.logger_config - ERROR - Error: 2003 (HY000): Can't connect to MySQL server on 'localhost:3306' (10061)
2024-07-29 16:42:04,813 - logger.logger_config - DEBUG - BaseDatos initialized
2024-07-29 16:42:04,888 - logger.logger_config - INFO - Conexión exitosa a la base de datos
2024-07-29 16:42:07,727 - logger.logger_config - INFO - Leídos 2 planetas
2024-07-29 16:42:10,237 - logger.logger_config - DEBUG - BaseDatos connection closed
2024-07-30 18:57:54,217 - logger.logger_config - DEBUG - BaseDatos initialized
2024-07-30 18:57:54,433 - logger.logger_config - INFO - Conexión exitosa a la base de datos
2024-07-30 18:58:54,871 - logger.logger_config - INFO - Leídos 2 planetas
2024-07-30 18:59:24,172 - logger.logger_config - INFO - Planeta Marte creado correctamente
2024-07-30 18:59:30,139 - logger.logger_config - INFO - Leídos 3 planetas
2024-07-30 18:59:33,343 - logger.logger_config - DEBUG - BaseDatos connection closed
2024-07-30 18:59:39,720 - logger.logger_config - DEBUG - BaseDatos initialized
2024-07-30 18:59:39,885 - logger.logger_config - INFO - Conexión exitosa a la base de datos
2024-07-30 18:59:41,496 - logger.logger_config - INFO - Leídos 3 planetas
2024-07-30 18:59:54,310 - logger.logger_config - INFO - Planeta con id 6 borrado correctamente
2024-07-30 18:59:56,037 - logger.logger_config - INFO - Leídos 2 planetas
2024-07-30 19:00:00,122 - logger.logger_config - DEBUG - BaseDatos connection closed
2024-07-30 19:00:03,049 - logger.logger_config - DEBUG - BaseDatos initialized
2024-07-30 19:00:03,158 - logger.logger_config - INFO - Conexión exitosa a la base de datos
2024-07-30 19:00:05,199 - logger.logger_config - INFO - Leídos 2 planetas
2024-07-30 19:00:09,697 - logger.logger_config - DEBUG - BaseDatos connection closed
2024-07-31 17:53:06,633 - logger.logger_config - DEBUG - BaseDatos initialized
2024-07-31 17:53:10,872 - logger.logger_config - ERROR - Error: 2003 (HY000): Can't connect to MySQL server on 'localhost:3306' (10061)
2024-07-31 17:53:17,264 - logger.logger_config - DEBUG - BaseDatos connection closed
